{"/Users/mooling/Projects/gpca/gpca-mcp-server/src/crypto.ts": {"path":"/Users/mooling/Projects/gpca/gpca-mcp-server/src/crypto.ts","statementMap":{"0":{"start":{"line":4,"column":19},"end":{"line":4,"column":null}},"1":{"start":{"line":22,"column":14},"end":{"line":22,"column":48}},"2":{"start":{"line":23,"column":13},"end":{"line":23,"column":51}},"3":{"start":{"line":24,"column":20},"end":{"line":28,"column":4}},"4":{"start":{"line":29,"column":2},"end":{"line":29,"column":null}},"5":{"start":{"line":40,"column":14},"end":{"line":40,"column":48}},"6":{"start":{"line":41,"column":13},"end":{"line":41,"column":51}},"7":{"start":{"line":42,"column":20},"end":{"line":46,"column":4}},"8":{"start":{"line":47,"column":2},"end":{"line":47,"column":null}},"9":{"start":{"line":55,"column":8},"end":{"line":57,"column":null}},"10":{"start":{"line":59,"column":2},"end":{"line":59,"column":null}},"11":{"start":{"line":68,"column":4},"end":{"line":68,"column":null}},"12":{"start":{"line":69,"column":8},"end":{"line":69,"column":35}},"13":{"start":{"line":70,"column":15},"end":{"line":70,"column":null}},"14":{"start":{"line":71,"column":2},"end":{"line":72,"column":null}},"15":{"start":{"line":71,"column":15},"end":{"line":71,"column":18}},"16":{"start":{"line":72,"column":4},"end":{"line":72,"column":null}},"17":{"start":{"line":74,"column":2},"end":{"line":74,"column":null}},"18":{"start":{"line":83,"column":2},"end":{"line":83,"column":null}}},"fnMap":{"0":{"name":"encrypt","decl":{"start":{"line":17,"column":16},"end":{"line":17,"column":null}},"loc":{"start":{"line":21,"column":10},"end":{"line":29,"column":null}},"line":21},"1":{"name":"decrypt","decl":{"start":{"line":35,"column":16},"end":{"line":35,"column":null}},"loc":{"start":{"line":39,"column":10},"end":{"line":47,"column":null}},"line":39},"2":{"name":"rsaEncrypt","decl":{"start":{"line":54,"column":16},"end":{"line":54,"column":27}},"loc":{"start":{"line":54,"column":49},"end":{"line":59,"column":null}},"line":54},"3":{"name":"randomStr","decl":{"start":{"line":66,"column":16},"end":{"line":66,"column":26}},"loc":{"start":{"line":66,"column":55},"end":{"line":74,"column":null}},"line":66},"4":{"name":"generateNonce","decl":{"start":{"line":82,"column":16},"end":{"line":82,"column":40}},"loc":{"start":{"line":82,"column":40},"end":{"line":83,"column":null}},"line":82}},"branchMap":{"0":{"loc":{"start":{"line":66,"column":26},"end":{"line":66,"column":55}},"type":"default-arg","locations":[{"start":{"line":66,"column":43},"end":{"line":66,"column":55}}],"line":66}},"s":{"0":2,"1":7,"2":7,"3":7,"4":7,"5":6,"6":6,"7":6,"8":6,"9":8,"10":8,"11":20,"12":20,"13":20,"14":20,"15":20,"16":1661,"17":20,"18":5},"f":{"0":7,"1":6,"2":8,"3":20,"4":5},"b":{"0":[20]},"meta":{"lastBranch":1,"lastFunction":5,"lastStatement":19,"seen":{"s:4:19:4:Infinity":0,"f:17:16:17:Infinity":0,"s:22:14:22:48":1,"s:23:13:23:51":2,"s:24:20:28:4":3,"s:29:2:29:Infinity":4,"f:35:16:35:Infinity":1,"s:40:14:40:48":5,"s:41:13:41:51":6,"s:42:20:46:4":7,"s:47:2:47:Infinity":8,"f:54:16:54:27":2,"s:55:8:57:Infinity":9,"s:59:2:59:Infinity":10,"f:66:16:66:26":3,"b:66:43:66:55":0,"s:68:4:68:Infinity":11,"s:69:8:69:35":12,"s:70:15:70:Infinity":13,"s:71:2:72:Infinity":14,"s:71:15:71:18":15,"s:72:4:72:Infinity":16,"s:74:2:74:Infinity":17,"f:82:16:82:40":4,"s:83:2:83:Infinity":18}}}
,"/Users/mooling/Projects/gpca/gpca-mcp-server/src/session.ts": {"path":"/Users/mooling/Projects/gpca/gpca-mcp-server/src/session.ts","statementMap":{"0":{"start":{"line":9,"column":30},"end":{"line":15,"column":null}},"1":{"start":{"line":18,"column":2},"end":{"line":18,"column":null}},"2":{"start":{"line":22,"column":2},"end":{"line":22,"column":null}},"3":{"start":{"line":26,"column":2},"end":{"line":32,"column":null}}},"fnMap":{"0":{"name":"getSession","decl":{"start":{"line":17,"column":16},"end":{"line":17,"column":38}},"loc":{"start":{"line":17,"column":38},"end":{"line":18,"column":null}},"line":17},"1":{"name":"updateSession","decl":{"start":{"line":21,"column":16},"end":{"line":21,"column":30}},"loc":{"start":{"line":21,"column":63},"end":{"line":22,"column":null}},"line":21},"2":{"name":"resetSession","decl":{"start":{"line":25,"column":16},"end":{"line":25,"column":37}},"loc":{"start":{"line":25,"column":37},"end":{"line":32,"column":null}},"line":25}},"branchMap":{},"s":{"0":6,"1":70,"2":47,"3":69},"f":{"0":70,"1":47,"2":69},"b":{},"meta":{"lastBranch":0,"lastFunction":3,"lastStatement":4,"seen":{"s:9:30:15:Infinity":0,"f:17:16:17:38":0,"s:18:2:18:Infinity":1,"f:21:16:21:30":1,"s:22:2:22:Infinity":2,"f:25:16:25:37":2,"s:26:2:32:Infinity":3}}}
,"/Users/mooling/Projects/gpca/gpca-mcp-server/src/utils.ts": {"path":"/Users/mooling/Projects/gpca/gpca-mcp-server/src/utils.ts","statementMap":{"0":{"start":{"line":12,"column":8},"end":{"line":12,"column":30}},"1":{"start":{"line":13,"column":2},"end":{"line":14,"column":null}},"2":{"start":{"line":14,"column":4},"end":{"line":14,"column":null}},"3":{"start":{"line":16,"column":2},"end":{"line":16,"column":null}},"4":{"start":{"line":20,"column":2},"end":{"line":21,"column":null}},"5":{"start":{"line":21,"column":4},"end":{"line":21,"column":null}},"6":{"start":{"line":23,"column":2},"end":{"line":25,"column":null}},"7":{"start":{"line":24,"column":4},"end":{"line":24,"column":null}},"8":{"start":{"line":25,"column":4},"end":{"line":25,"column":null}},"9":{"start":{"line":27,"column":2},"end":{"line":32,"column":null}},"10":{"start":{"line":36,"column":2},"end":{"line":40,"column":null}},"11":{"start":{"line":37,"column":4},"end":{"line":40,"column":null}},"12":{"start":{"line":43,"column":4},"end":{"line":43,"column":null}},"13":{"start":{"line":44,"column":2},"end":{"line":44,"column":null}}},"fnMap":{"0":{"name":"checkAuth","decl":{"start":{"line":11,"column":16},"end":{"line":11,"column":43}},"loc":{"start":{"line":11,"column":43},"end":{"line":16,"column":null}},"line":11},"1":{"name":"handleResponse","decl":{"start":{"line":19,"column":16},"end":{"line":19,"column":31}},"loc":{"start":{"line":19,"column":61},"end":{"line":32,"column":null}},"line":19},"2":{"name":"handleError","decl":{"start":{"line":35,"column":16},"end":{"line":35,"column":28}},"loc":{"start":{"line":35,"column":56},"end":{"line":44,"column":null}},"line":35}},"branchMap":{"0":{"loc":{"start":{"line":13,"column":2},"end":{"line":14,"column":null}},"type":"if","locations":[{"start":{"line":13,"column":2},"end":{"line":14,"column":null}},{"start":{},"end":{}}],"line":13},"1":{"loc":{"start":{"line":20,"column":2},"end":{"line":21,"column":null}},"type":"if","locations":[{"start":{"line":20,"column":2},"end":{"line":21,"column":null}},{"start":{},"end":{}}],"line":20},"2":{"loc":{"start":{"line":23,"column":2},"end":{"line":25,"column":null}},"type":"if","locations":[{"start":{"line":23,"column":2},"end":{"line":25,"column":null}},{"start":{},"end":{}}],"line":23},"3":{"loc":{"start":{"line":30,"column":6},"end":{"line":31,"column":null}},"type":"binary-expr","locations":[{"start":{"line":30,"column":6},"end":{"line":30,"column":null}},{"start":{"line":31,"column":7},"end":{"line":31,"column":null}}],"line":30},"4":{"loc":{"start":{"line":31,"column":7},"end":{"line":31,"column":null}},"type":"cond-expr","locations":[{"start":{"line":31,"column":38},"end":{"line":31,"column":49}},{"start":{"line":31,"column":49},"end":{"line":31,"column":null}}],"line":31},"5":{"loc":{"start":{"line":36,"column":2},"end":{"line":40,"column":null}},"type":"if","locations":[{"start":{"line":36,"column":2},"end":{"line":40,"column":null}},{"start":{},"end":{}}],"line":36},"6":{"loc":{"start":{"line":39,"column":38},"end":{"line":39,"column":null}},"type":"binary-expr","locations":[{"start":{"line":39,"column":38},"end":{"line":39,"column":64}},{"start":{"line":39,"column":64},"end":{"line":39,"column":null}}],"line":39},"7":{"loc":{"start":{"line":43,"column":4},"end":{"line":43,"column":null}},"type":"cond-expr","locations":[{"start":{"line":43,"column":29},"end":{"line":43,"column":45}},{"start":{"line":43,"column":45},"end":{"line":43,"column":null}}],"line":43}},"s":{"0":51,"1":51,"2":23,"3":28,"4":26,"5":19,"6":7,"7":2,"8":2,"9":5,"10":7,"11":2,"12":5,"13":7},"f":{"0":51,"1":26,"2":7},"b":{"0":[23,28],"1":[19,7],"2":[2,5],"3":[5,3],"4":[2,1],"5":[2,5],"6":[2,1],"7":[4,1]},"meta":{"lastBranch":8,"lastFunction":3,"lastStatement":14,"seen":{"f:11:16:11:43":0,"s:12:8:12:30":0,"b:13:2:14:Infinity:undefined:undefined:undefined:undefined":0,"s:13:2:14:Infinity":1,"s:14:4:14:Infinity":2,"s:16:2:16:Infinity":3,"f:19:16:19:31":1,"b:20:2:21:Infinity:undefined:undefined:undefined:undefined":1,"s:20:2:21:Infinity":4,"s:21:4:21:Infinity":5,"b:23:2:25:Infinity:undefined:undefined:undefined:undefined":2,"s:23:2:25:Infinity":6,"s:24:4:24:Infinity":7,"s:25:4:25:Infinity":8,"s:27:2:32:Infinity":9,"b:30:6:30:Infinity:31:7:31:Infinity":3,"b:31:38:31:49:31:49:31:Infinity":4,"f:35:16:35:28":2,"b:36:2:40:Infinity:undefined:undefined:undefined:undefined":5,"s:36:2:40:Infinity":10,"s:37:4:40:Infinity":11,"b:39:38:39:64:39:64:39:Infinity":6,"s:43:4:43:Infinity":12,"b:43:29:43:45:43:45:43:Infinity":7,"s:44:2:44:Infinity":13}}}
,"/Users/mooling/Projects/gpca/gpca-mcp-server/src/tools/auth.ts": {"path":"/Users/mooling/Projects/gpca/gpca-mcp-server/src/tools/auth.ts","statementMap":{"0":{"start":{"line":10,"column":2},"end":{"line":35,"column":null}},"1":{"start":{"line":11,"column":4},"end":{"line":11,"column":null}},"2":{"start":{"line":12,"column":16},"end":{"line":15,"column":null}},"3":{"start":{"line":18,"column":4},"end":{"line":27,"column":null}},"4":{"start":{"line":19,"column":6},"end":{"line":23,"column":null}},"5":{"start":{"line":24,"column":6},"end":{"line":27,"column":null}},"6":{"start":{"line":30,"column":4},"end":{"line":33,"column":null}},"7":{"start":{"line":35,"column":4},"end":{"line":35,"column":null}},"8":{"start":{"line":42,"column":2},"end":{"line":81,"column":null}},"9":{"start":{"line":43,"column":10},"end":{"line":43,"column":32}},"10":{"start":{"line":44,"column":4},"end":{"line":49,"column":null}},"11":{"start":{"line":45,"column":6},"end":{"line":49,"column":null}},"12":{"start":{"line":52,"column":10},"end":{"line":52,"column":35}},"13":{"start":{"line":53,"column":10},"end":{"line":53,"column":46}},"14":{"start":{"line":55,"column":16},"end":{"line":58,"column":null}},"15":{"start":{"line":61,"column":4},"end":{"line":73,"column":null}},"16":{"start":{"line":62,"column":6},"end":{"line":68,"column":null}},"17":{"start":{"line":69,"column":6},"end":{"line":73,"column":null}},"18":{"start":{"line":76,"column":4},"end":{"line":79,"column":null}},"19":{"start":{"line":81,"column":4},"end":{"line":81,"column":null}},"20":{"start":{"line":89,"column":8},"end":{"line":89,"column":30}},"21":{"start":{"line":90,"column":2},"end":{"line":93,"column":null}},"22":{"start":{"line":101,"column":8},"end":{"line":101,"column":30}},"23":{"start":{"line":102,"column":2},"end":{"line":103,"column":null}},"24":{"start":{"line":103,"column":4},"end":{"line":103,"column":null}},"25":{"start":{"line":106,"column":2},"end":{"line":120,"column":null}},"26":{"start":{"line":107,"column":16},"end":{"line":107,"column":58}},"27":{"start":{"line":108,"column":4},"end":{"line":109,"column":null}},"28":{"start":{"line":109,"column":6},"end":{"line":109,"column":null}},"29":{"start":{"line":111,"column":4},"end":{"line":113,"column":null}},"30":{"start":{"line":112,"column":6},"end":{"line":112,"column":null}},"31":{"start":{"line":113,"column":6},"end":{"line":113,"column":null}},"32":{"start":{"line":115,"column":4},"end":{"line":118,"column":null}},"33":{"start":{"line":120,"column":4},"end":{"line":120,"column":null}}},"fnMap":{"0":{"name":"gpca_login","decl":{"start":{"line":6,"column":22},"end":{"line":6,"column":null}},"loc":{"start":{"line":9,"column":2},"end":{"line":35,"column":null}},"line":9},"1":{"name":"gpca_verify_login","decl":{"start":{"line":39,"column":22},"end":{"line":39,"column":null}},"loc":{"start":{"line":41,"column":2},"end":{"line":81,"column":null}},"line":41},"2":{"name":"gpca_auth_status","decl":{"start":{"line":85,"column":22},"end":{"line":85,"column":null}},"loc":{"start":{"line":88,"column":3},"end":{"line":93,"column":null}},"line":88},"3":{"name":"gpca_get_user_info","decl":{"start":{"line":96,"column":22},"end":{"line":96,"column":null}},"loc":{"start":{"line":100,"column":3},"end":{"line":120,"column":null}},"line":100}},"branchMap":{"0":{"loc":{"start":{"line":18,"column":4},"end":{"line":27,"column":null}},"type":"if","locations":[{"start":{"line":18,"column":4},"end":{"line":27,"column":null}},{"start":{},"end":{}}],"line":18},"1":{"loc":{"start":{"line":32,"column":15},"end":{"line":32,"column":null}},"type":"binary-expr","locations":[{"start":{"line":32,"column":15},"end":{"line":32,"column":41}},{"start":{"line":32,"column":41},"end":{"line":32,"column":53}},{"start":{"line":32,"column":53},"end":{"line":32,"column":null}}],"line":32},"2":{"loc":{"start":{"line":44,"column":4},"end":{"line":49,"column":null}},"type":"if","locations":[{"start":{"line":44,"column":4},"end":{"line":49,"column":null}},{"start":{},"end":{}}],"line":44},"3":{"loc":{"start":{"line":61,"column":4},"end":{"line":73,"column":null}},"type":"if","locations":[{"start":{"line":61,"column":4},"end":{"line":73,"column":null}},{"start":{},"end":{}}],"line":61},"4":{"loc":{"start":{"line":78,"column":15},"end":{"line":78,"column":null}},"type":"binary-expr","locations":[{"start":{"line":78,"column":15},"end":{"line":78,"column":41}},{"start":{"line":78,"column":41},"end":{"line":78,"column":53}},{"start":{"line":78,"column":53},"end":{"line":78,"column":null}}],"line":78},"5":{"loc":{"start":{"line":92,"column":11},"end":{"line":92,"column":null}},"type":"cond-expr","locations":[{"start":{"line":92,"column":37},"end":{"line":92,"column":53}},{"start":{"line":92,"column":53},"end":{"line":92,"column":null}}],"line":92},"6":{"loc":{"start":{"line":102,"column":2},"end":{"line":103,"column":null}},"type":"if","locations":[{"start":{"line":102,"column":2},"end":{"line":103,"column":null}},{"start":{},"end":{}}],"line":102},"7":{"loc":{"start":{"line":108,"column":4},"end":{"line":109,"column":null}},"type":"if","locations":[{"start":{"line":108,"column":4},"end":{"line":109,"column":null}},{"start":{},"end":{}}],"line":108},"8":{"loc":{"start":{"line":111,"column":4},"end":{"line":113,"column":null}},"type":"if","locations":[{"start":{"line":111,"column":4},"end":{"line":113,"column":null}},{"start":{},"end":{}}],"line":111},"9":{"loc":{"start":{"line":117,"column":15},"end":{"line":117,"column":null}},"type":"binary-expr","locations":[{"start":{"line":117,"column":15},"end":{"line":117,"column":41}},{"start":{"line":117,"column":41},"end":{"line":117,"column":53}},{"start":{"line":117,"column":53},"end":{"line":117,"column":null}}],"line":117}},"s":{"0":5,"1":5,"2":5,"3":4,"4":3,"5":3,"6":1,"7":1,"8":4,"9":4,"10":4,"11":1,"12":3,"13":3,"14":3,"15":3,"16":2,"17":2,"18":1,"19":0,"20":2,"21":2,"22":3,"23":3,"24":1,"25":2,"26":2,"27":2,"28":1,"29":1,"30":1,"31":1,"32":0,"33":0},"f":{"0":5,"1":4,"2":2,"3":3},"b":{"0":[3,1],"1":[1,0,0],"2":[1,3],"3":[2,1],"4":[1,1,0],"5":[1,1],"6":[1,2],"7":[1,1],"8":[1,0],"9":[0,0,0]},"meta":{"lastBranch":10,"lastFunction":4,"lastStatement":34,"seen":{"f:6:22:6:Infinity":0,"s:10:2:35:Infinity":0,"s:11:4:11:Infinity":1,"s:12:16:15:Infinity":2,"b:18:4:27:Infinity:undefined:undefined:undefined:undefined":0,"s:18:4:27:Infinity":3,"s:19:6:23:Infinity":4,"s:24:6:27:Infinity":5,"s:30:4:33:Infinity":6,"b:32:15:32:41:32:41:32:53:32:53:32:Infinity":1,"s:35:4:35:Infinity":7,"f:39:22:39:Infinity":1,"s:42:2:81:Infinity":8,"s:43:10:43:32":9,"b:44:4:49:Infinity:undefined:undefined:undefined:undefined":2,"s:44:4:49:Infinity":10,"s:45:6:49:Infinity":11,"s:52:10:52:35":12,"s:53:10:53:46":13,"s:55:16:58:Infinity":14,"b:61:4:73:Infinity:undefined:undefined:undefined:undefined":3,"s:61:4:73:Infinity":15,"s:62:6:68:Infinity":16,"s:69:6:73:Infinity":17,"s:76:4:79:Infinity":18,"b:78:15:78:41:78:41:78:53:78:53:78:Infinity":4,"s:81:4:81:Infinity":19,"f:85:22:85:Infinity":2,"s:89:8:89:30":20,"s:90:2:93:Infinity":21,"b:92:37:92:53:92:53:92:Infinity":5,"f:96:22:96:Infinity":3,"s:101:8:101:30":22,"b:102:2:103:Infinity:undefined:undefined:undefined:undefined":6,"s:102:2:103:Infinity":23,"s:103:4:103:Infinity":24,"s:106:2:120:Infinity":25,"s:107:16:107:58":26,"b:108:4:109:Infinity:undefined:undefined:undefined:undefined":7,"s:108:4:109:Infinity":27,"s:109:6:109:Infinity":28,"b:111:4:113:Infinity:undefined:undefined:undefined:undefined":8,"s:111:4:113:Infinity":29,"s:112:6:112:Infinity":30,"s:113:6:113:Infinity":31,"s:115:4:118:Infinity":32,"b:117:15:117:41:117:41:117:53:117:53:117:Infinity":9,"s:120:4:120:Infinity":33}}}
,"/Users/mooling/Projects/gpca/gpca-mcp-server/src/tools/cards.ts": {"path":"/Users/mooling/Projects/gpca/gpca-mcp-server/src/tools/cards.ts","statementMap":{"0":{"start":{"line":5,"column":8},"end":{"line":5,"column":29}},"1":{"start":{"line":6,"column":2},"end":{"line":6,"column":null}},"2":{"start":{"line":6,"column":15},"end":{"line":6,"column":null}},"3":{"start":{"line":8,"column":2},"end":{"line":12,"column":null}},"4":{"start":{"line":9,"column":16},"end":{"line":9,"column":60}},"5":{"start":{"line":10,"column":4},"end":{"line":10,"column":null}},"6":{"start":{"line":12,"column":4},"end":{"line":12,"column":null}},"7":{"start":{"line":17,"column":8},"end":{"line":17,"column":29}},"8":{"start":{"line":18,"column":2},"end":{"line":18,"column":null}},"9":{"start":{"line":18,"column":15},"end":{"line":18,"column":null}},"10":{"start":{"line":20,"column":2},"end":{"line":24,"column":null}},"11":{"start":{"line":21,"column":16},"end":{"line":21,"column":65}},"12":{"start":{"line":22,"column":4},"end":{"line":22,"column":null}},"13":{"start":{"line":24,"column":4},"end":{"line":24,"column":null}},"14":{"start":{"line":29,"column":8},"end":{"line":29,"column":29}},"15":{"start":{"line":30,"column":2},"end":{"line":30,"column":null}},"16":{"start":{"line":30,"column":15},"end":{"line":30,"column":null}},"17":{"start":{"line":32,"column":2},"end":{"line":36,"column":null}},"18":{"start":{"line":33,"column":16},"end":{"line":33,"column":82}},"19":{"start":{"line":34,"column":4},"end":{"line":34,"column":null}},"20":{"start":{"line":36,"column":4},"end":{"line":36,"column":null}},"21":{"start":{"line":41,"column":8},"end":{"line":41,"column":29}},"22":{"start":{"line":42,"column":2},"end":{"line":42,"column":null}},"23":{"start":{"line":42,"column":15},"end":{"line":42,"column":null}},"24":{"start":{"line":44,"column":2},"end":{"line":48,"column":null}},"25":{"start":{"line":45,"column":16},"end":{"line":45,"column":73}},"26":{"start":{"line":46,"column":4},"end":{"line":46,"column":null}},"27":{"start":{"line":48,"column":4},"end":{"line":48,"column":null}},"28":{"start":{"line":53,"column":8},"end":{"line":53,"column":29}},"29":{"start":{"line":54,"column":2},"end":{"line":54,"column":null}},"30":{"start":{"line":54,"column":15},"end":{"line":54,"column":null}},"31":{"start":{"line":56,"column":2},"end":{"line":60,"column":null}},"32":{"start":{"line":57,"column":16},"end":{"line":57,"column":70}},"33":{"start":{"line":58,"column":4},"end":{"line":58,"column":null}},"34":{"start":{"line":60,"column":4},"end":{"line":60,"column":null}},"35":{"start":{"line":65,"column":8},"end":{"line":65,"column":29}},"36":{"start":{"line":66,"column":2},"end":{"line":66,"column":null}},"37":{"start":{"line":66,"column":15},"end":{"line":66,"column":null}},"38":{"start":{"line":68,"column":2},"end":{"line":72,"column":null}},"39":{"start":{"line":69,"column":16},"end":{"line":69,"column":71}},"40":{"start":{"line":70,"column":4},"end":{"line":70,"column":null}},"41":{"start":{"line":72,"column":4},"end":{"line":72,"column":null}},"42":{"start":{"line":81,"column":8},"end":{"line":81,"column":29}},"43":{"start":{"line":82,"column":2},"end":{"line":82,"column":null}},"44":{"start":{"line":82,"column":15},"end":{"line":82,"column":null}},"45":{"start":{"line":84,"column":2},"end":{"line":92,"column":null}},"46":{"start":{"line":85,"column":16},"end":{"line":89,"column":6}},"47":{"start":{"line":90,"column":4},"end":{"line":90,"column":null}},"48":{"start":{"line":92,"column":4},"end":{"line":92,"column":null}},"49":{"start":{"line":97,"column":8},"end":{"line":97,"column":29}},"50":{"start":{"line":98,"column":2},"end":{"line":98,"column":null}},"51":{"start":{"line":98,"column":15},"end":{"line":98,"column":null}},"52":{"start":{"line":100,"column":2},"end":{"line":104,"column":null}},"53":{"start":{"line":101,"column":16},"end":{"line":101,"column":73}},"54":{"start":{"line":102,"column":4},"end":{"line":102,"column":null}},"55":{"start":{"line":104,"column":4},"end":{"line":104,"column":null}},"56":{"start":{"line":109,"column":8},"end":{"line":109,"column":29}},"57":{"start":{"line":110,"column":2},"end":{"line":110,"column":null}},"58":{"start":{"line":110,"column":15},"end":{"line":110,"column":null}},"59":{"start":{"line":112,"column":2},"end":{"line":116,"column":null}},"60":{"start":{"line":113,"column":16},"end":{"line":113,"column":71}},"61":{"start":{"line":114,"column":4},"end":{"line":114,"column":null}},"62":{"start":{"line":116,"column":4},"end":{"line":116,"column":null}},"63":{"start":{"line":125,"column":8},"end":{"line":125,"column":29}},"64":{"start":{"line":126,"column":2},"end":{"line":126,"column":null}},"65":{"start":{"line":126,"column":15},"end":{"line":126,"column":null}},"66":{"start":{"line":128,"column":2},"end":{"line":135,"column":null}},"67":{"start":{"line":129,"column":43},"end":{"line":129,"column":54}},"68":{"start":{"line":130,"column":4},"end":{"line":130,"column":null}},"69":{"start":{"line":130,"column":20},"end":{"line":130,"column":null}},"70":{"start":{"line":131,"column":4},"end":{"line":131,"column":null}},"71":{"start":{"line":131,"column":18},"end":{"line":131,"column":null}},"72":{"start":{"line":132,"column":16},"end":{"line":132,"column":73}},"73":{"start":{"line":133,"column":4},"end":{"line":133,"column":null}},"74":{"start":{"line":135,"column":4},"end":{"line":135,"column":null}}},"fnMap":{"0":{"name":"gpca_list_cards","decl":{"start":{"line":4,"column":22},"end":{"line":4,"column":40}},"loc":{"start":{"line":4,"column":40},"end":{"line":12,"column":null}},"line":4},"1":{"name":"gpca_supported_cards","decl":{"start":{"line":16,"column":22},"end":{"line":16,"column":45}},"loc":{"start":{"line":16,"column":45},"end":{"line":24,"column":null}},"line":16},"2":{"name":"gpca_order_virtual_card","decl":{"start":{"line":28,"column":22},"end":{"line":28,"column":46}},"loc":{"start":{"line":28,"column":68},"end":{"line":36,"column":null}},"line":28},"3":{"name":"gpca_bind_card","decl":{"start":{"line":40,"column":22},"end":{"line":40,"column":37}},"loc":{"start":{"line":40,"column":54},"end":{"line":48,"column":null}},"line":40},"4":{"name":"gpca_activate_card","decl":{"start":{"line":52,"column":22},"end":{"line":52,"column":41}},"loc":{"start":{"line":52,"column":58},"end":{"line":60,"column":null}},"line":52},"5":{"name":"gpca_freeze_card","decl":{"start":{"line":64,"column":22},"end":{"line":64,"column":39}},"loc":{"start":{"line":64,"column":56},"end":{"line":72,"column":null}},"line":64},"6":{"name":"gpca_change_pin","decl":{"start":{"line":76,"column":22},"end":{"line":76,"column":null}},"loc":{"start":{"line":80,"column":2},"end":{"line":92,"column":null}},"line":80},"7":{"name":"gpca_reset_pin","decl":{"start":{"line":96,"column":22},"end":{"line":96,"column":37}},"loc":{"start":{"line":96,"column":54},"end":{"line":104,"column":null}},"line":96},"8":{"name":"gpca_get_cvv","decl":{"start":{"line":108,"column":22},"end":{"line":108,"column":35}},"loc":{"start":{"line":108,"column":52},"end":{"line":116,"column":null}},"line":108},"9":{"name":"gpca_card_transactions","decl":{"start":{"line":120,"column":22},"end":{"line":120,"column":null}},"loc":{"start":{"line":124,"column":2},"end":{"line":135,"column":null}},"line":124}},"branchMap":{"0":{"loc":{"start":{"line":6,"column":2},"end":{"line":6,"column":null}},"type":"if","locations":[{"start":{"line":6,"column":2},"end":{"line":6,"column":null}},{"start":{},"end":{}}],"line":6},"1":{"loc":{"start":{"line":18,"column":2},"end":{"line":18,"column":null}},"type":"if","locations":[{"start":{"line":18,"column":2},"end":{"line":18,"column":null}},{"start":{},"end":{}}],"line":18},"2":{"loc":{"start":{"line":30,"column":2},"end":{"line":30,"column":null}},"type":"if","locations":[{"start":{"line":30,"column":2},"end":{"line":30,"column":null}},{"start":{},"end":{}}],"line":30},"3":{"loc":{"start":{"line":42,"column":2},"end":{"line":42,"column":null}},"type":"if","locations":[{"start":{"line":42,"column":2},"end":{"line":42,"column":null}},{"start":{},"end":{}}],"line":42},"4":{"loc":{"start":{"line":54,"column":2},"end":{"line":54,"column":null}},"type":"if","locations":[{"start":{"line":54,"column":2},"end":{"line":54,"column":null}},{"start":{},"end":{}}],"line":54},"5":{"loc":{"start":{"line":66,"column":2},"end":{"line":66,"column":null}},"type":"if","locations":[{"start":{"line":66,"column":2},"end":{"line":66,"column":null}},{"start":{},"end":{}}],"line":66},"6":{"loc":{"start":{"line":82,"column":2},"end":{"line":82,"column":null}},"type":"if","locations":[{"start":{"line":82,"column":2},"end":{"line":82,"column":null}},{"start":{},"end":{}}],"line":82},"7":{"loc":{"start":{"line":98,"column":2},"end":{"line":98,"column":null}},"type":"if","locations":[{"start":{"line":98,"column":2},"end":{"line":98,"column":null}},{"start":{},"end":{}}],"line":98},"8":{"loc":{"start":{"line":110,"column":2},"end":{"line":110,"column":null}},"type":"if","locations":[{"start":{"line":110,"column":2},"end":{"line":110,"column":null}},{"start":{},"end":{}}],"line":110},"9":{"loc":{"start":{"line":126,"column":2},"end":{"line":126,"column":null}},"type":"if","locations":[{"start":{"line":126,"column":2},"end":{"line":126,"column":null}},{"start":{},"end":{}}],"line":126},"10":{"loc":{"start":{"line":130,"column":4},"end":{"line":130,"column":null}},"type":"if","locations":[{"start":{"line":130,"column":4},"end":{"line":130,"column":null}},{"start":{},"end":{}}],"line":130},"11":{"loc":{"start":{"line":131,"column":4},"end":{"line":131,"column":null}},"type":"if","locations":[{"start":{"line":131,"column":4},"end":{"line":131,"column":null}},{"start":{},"end":{}}],"line":131}},"s":{"0":4,"1":4,"2":1,"3":3,"4":3,"5":2,"6":1,"7":1,"8":1,"9":1,"10":0,"11":0,"12":0,"13":0,"14":2,"15":2,"16":1,"17":1,"18":1,"19":1,"20":0,"21":2,"22":2,"23":1,"24":1,"25":1,"26":1,"27":0,"28":1,"29":1,"30":1,"31":0,"32":0,"33":0,"34":0,"35":1,"36":1,"37":1,"38":0,"39":0,"40":0,"41":0,"42":2,"43":2,"44":1,"45":1,"46":1,"47":1,"48":0,"49":1,"50":1,"51":1,"52":0,"53":0,"54":0,"55":0,"56":1,"57":1,"58":1,"59":0,"60":0,"61":0,"62":0,"63":3,"64":3,"65":1,"66":2,"67":2,"68":2,"69":1,"70":2,"71":2,"72":2,"73":2,"74":0},"f":{"0":4,"1":1,"2":2,"3":2,"4":1,"5":1,"6":2,"7":1,"8":1,"9":3},"b":{"0":[1,3],"1":[1,0],"2":[1,1],"3":[1,1],"4":[1,0],"5":[1,0],"6":[1,1],"7":[1,0],"8":[1,0],"9":[1,2],"10":[1,1],"11":[1,1]},"meta":{"lastBranch":12,"lastFunction":10,"lastStatement":75,"seen":{"f:4:22:4:40":0,"s:5:8:5:29":0,"b:6:2:6:Infinity:undefined:undefined:undefined:undefined":0,"s:6:2:6:Infinity":1,"s:6:15:6:Infinity":2,"s:8:2:12:Infinity":3,"s:9:16:9:60":4,"s:10:4:10:Infinity":5,"s:12:4:12:Infinity":6,"f:16:22:16:45":1,"s:17:8:17:29":7,"b:18:2:18:Infinity:undefined:undefined:undefined:undefined":1,"s:18:2:18:Infinity":8,"s:18:15:18:Infinity":9,"s:20:2:24:Infinity":10,"s:21:16:21:65":11,"s:22:4:22:Infinity":12,"s:24:4:24:Infinity":13,"f:28:22:28:46":2,"s:29:8:29:29":14,"b:30:2:30:Infinity:undefined:undefined:undefined:undefined":2,"s:30:2:30:Infinity":15,"s:30:15:30:Infinity":16,"s:32:2:36:Infinity":17,"s:33:16:33:82":18,"s:34:4:34:Infinity":19,"s:36:4:36:Infinity":20,"f:40:22:40:37":3,"s:41:8:41:29":21,"b:42:2:42:Infinity:undefined:undefined:undefined:undefined":3,"s:42:2:42:Infinity":22,"s:42:15:42:Infinity":23,"s:44:2:48:Infinity":24,"s:45:16:45:73":25,"s:46:4:46:Infinity":26,"s:48:4:48:Infinity":27,"f:52:22:52:41":4,"s:53:8:53:29":28,"b:54:2:54:Infinity:undefined:undefined:undefined:undefined":4,"s:54:2:54:Infinity":29,"s:54:15:54:Infinity":30,"s:56:2:60:Infinity":31,"s:57:16:57:70":32,"s:58:4:58:Infinity":33,"s:60:4:60:Infinity":34,"f:64:22:64:39":5,"s:65:8:65:29":35,"b:66:2:66:Infinity:undefined:undefined:undefined:undefined":5,"s:66:2:66:Infinity":36,"s:66:15:66:Infinity":37,"s:68:2:72:Infinity":38,"s:69:16:69:71":39,"s:70:4:70:Infinity":40,"s:72:4:72:Infinity":41,"f:76:22:76:Infinity":6,"s:81:8:81:29":42,"b:82:2:82:Infinity:undefined:undefined:undefined:undefined":6,"s:82:2:82:Infinity":43,"s:82:15:82:Infinity":44,"s:84:2:92:Infinity":45,"s:85:16:89:6":46,"s:90:4:90:Infinity":47,"s:92:4:92:Infinity":48,"f:96:22:96:37":7,"s:97:8:97:29":49,"b:98:2:98:Infinity:undefined:undefined:undefined:undefined":7,"s:98:2:98:Infinity":50,"s:98:15:98:Infinity":51,"s:100:2:104:Infinity":52,"s:101:16:101:73":53,"s:102:4:102:Infinity":54,"s:104:4:104:Infinity":55,"f:108:22:108:35":8,"s:109:8:109:29":56,"b:110:2:110:Infinity:undefined:undefined:undefined:undefined":8,"s:110:2:110:Infinity":57,"s:110:15:110:Infinity":58,"s:112:2:116:Infinity":59,"s:113:16:113:71":60,"s:114:4:114:Infinity":61,"s:116:4:116:Infinity":62,"f:120:22:120:Infinity":9,"s:125:8:125:29":63,"b:126:2:126:Infinity:undefined:undefined:undefined:undefined":9,"s:126:2:126:Infinity":64,"s:126:15:126:Infinity":65,"s:128:2:135:Infinity":66,"s:129:43:129:54":67,"b:130:4:130:Infinity:undefined:undefined:undefined:undefined":10,"s:130:4:130:Infinity":68,"s:130:20:130:Infinity":69,"b:131:4:131:Infinity:undefined:undefined:undefined:undefined":11,"s:131:4:131:Infinity":70,"s:131:18:131:Infinity":71,"s:132:16:132:73":72,"s:133:4:133:Infinity":73,"s:135:4:135:Infinity":74}}}
,"/Users/mooling/Projects/gpca/gpca-mcp-server/src/tools/kyc.ts": {"path":"/Users/mooling/Projects/gpca/gpca-mcp-server/src/tools/kyc.ts","statementMap":{"0":{"start":{"line":5,"column":8},"end":{"line":5,"column":29}},"1":{"start":{"line":6,"column":2},"end":{"line":6,"column":null}},"2":{"start":{"line":6,"column":15},"end":{"line":6,"column":null}},"3":{"start":{"line":8,"column":2},"end":{"line":12,"column":null}},"4":{"start":{"line":9,"column":16},"end":{"line":9,"column":59}},"5":{"start":{"line":10,"column":4},"end":{"line":10,"column":null}},"6":{"start":{"line":12,"column":4},"end":{"line":12,"column":null}},"7":{"start":{"line":17,"column":8},"end":{"line":17,"column":29}},"8":{"start":{"line":18,"column":2},"end":{"line":18,"column":null}},"9":{"start":{"line":18,"column":15},"end":{"line":18,"column":null}},"10":{"start":{"line":20,"column":2},"end":{"line":24,"column":null}},"11":{"start":{"line":21,"column":16},"end":{"line":21,"column":65}},"12":{"start":{"line":22,"column":4},"end":{"line":22,"column":null}},"13":{"start":{"line":24,"column":4},"end":{"line":24,"column":null}},"14":{"start":{"line":29,"column":8},"end":{"line":29,"column":29}},"15":{"start":{"line":30,"column":2},"end":{"line":30,"column":null}},"16":{"start":{"line":30,"column":15},"end":{"line":30,"column":null}},"17":{"start":{"line":32,"column":2},"end":{"line":36,"column":null}},"18":{"start":{"line":33,"column":16},"end":{"line":33,"column":66}},"19":{"start":{"line":34,"column":4},"end":{"line":34,"column":null}},"20":{"start":{"line":36,"column":4},"end":{"line":36,"column":null}},"21":{"start":{"line":41,"column":8},"end":{"line":41,"column":29}},"22":{"start":{"line":42,"column":2},"end":{"line":42,"column":null}},"23":{"start":{"line":42,"column":15},"end":{"line":42,"column":null}},"24":{"start":{"line":44,"column":2},"end":{"line":48,"column":null}},"25":{"start":{"line":45,"column":16},"end":{"line":45,"column":64}},"26":{"start":{"line":46,"column":4},"end":{"line":46,"column":null}},"27":{"start":{"line":48,"column":4},"end":{"line":48,"column":null}},"28":{"start":{"line":53,"column":8},"end":{"line":53,"column":29}},"29":{"start":{"line":54,"column":2},"end":{"line":54,"column":null}},"30":{"start":{"line":54,"column":15},"end":{"line":54,"column":null}},"31":{"start":{"line":56,"column":2},"end":{"line":63,"column":null}},"32":{"start":{"line":57,"column":16},"end":{"line":60,"column":6}},"33":{"start":{"line":61,"column":4},"end":{"line":61,"column":null}},"34":{"start":{"line":63,"column":4},"end":{"line":63,"column":null}},"35":{"start":{"line":68,"column":8},"end":{"line":68,"column":29}},"36":{"start":{"line":69,"column":2},"end":{"line":69,"column":null}},"37":{"start":{"line":69,"column":15},"end":{"line":69,"column":null}},"38":{"start":{"line":71,"column":2},"end":{"line":75,"column":null}},"39":{"start":{"line":72,"column":16},"end":{"line":72,"column":64}},"40":{"start":{"line":73,"column":4},"end":{"line":73,"column":null}},"41":{"start":{"line":75,"column":4},"end":{"line":75,"column":null}}},"fnMap":{"0":{"name":"gpca_check_kyc","decl":{"start":{"line":4,"column":22},"end":{"line":4,"column":39}},"loc":{"start":{"line":4,"column":39},"end":{"line":12,"column":null}},"line":4},"1":{"name":"gpca_request_kyc","decl":{"start":{"line":16,"column":22},"end":{"line":16,"column":39}},"loc":{"start":{"line":16,"column":68},"end":{"line":24,"column":null}},"line":16},"2":{"name":"gpca_request_kyc_visa","decl":{"start":{"line":28,"column":22},"end":{"line":28,"column":44}},"loc":{"start":{"line":28,"column":73},"end":{"line":36,"column":null}},"line":28},"3":{"name":"gpca_submit_kyc","decl":{"start":{"line":40,"column":22},"end":{"line":40,"column":38}},"loc":{"start":{"line":40,"column":67},"end":{"line":48,"column":null}},"line":40},"4":{"name":"gpca_add_kyc_file","decl":{"start":{"line":52,"column":22},"end":{"line":52,"column":40}},"loc":{"start":{"line":52,"column":78},"end":{"line":63,"column":null}},"line":52},"5":{"name":"gpca_reset_kyc","decl":{"start":{"line":67,"column":22},"end":{"line":67,"column":39}},"loc":{"start":{"line":67,"column":39},"end":{"line":75,"column":null}},"line":67}},"branchMap":{"0":{"loc":{"start":{"line":6,"column":2},"end":{"line":6,"column":null}},"type":"if","locations":[{"start":{"line":6,"column":2},"end":{"line":6,"column":null}},{"start":{},"end":{}}],"line":6},"1":{"loc":{"start":{"line":18,"column":2},"end":{"line":18,"column":null}},"type":"if","locations":[{"start":{"line":18,"column":2},"end":{"line":18,"column":null}},{"start":{},"end":{}}],"line":18},"2":{"loc":{"start":{"line":30,"column":2},"end":{"line":30,"column":null}},"type":"if","locations":[{"start":{"line":30,"column":2},"end":{"line":30,"column":null}},{"start":{},"end":{}}],"line":30},"3":{"loc":{"start":{"line":42,"column":2},"end":{"line":42,"column":null}},"type":"if","locations":[{"start":{"line":42,"column":2},"end":{"line":42,"column":null}},{"start":{},"end":{}}],"line":42},"4":{"loc":{"start":{"line":54,"column":2},"end":{"line":54,"column":null}},"type":"if","locations":[{"start":{"line":54,"column":2},"end":{"line":54,"column":null}},{"start":{},"end":{}}],"line":54},"5":{"loc":{"start":{"line":69,"column":2},"end":{"line":69,"column":null}},"type":"if","locations":[{"start":{"line":69,"column":2},"end":{"line":69,"column":null}},{"start":{},"end":{}}],"line":69}},"s":{"0":3,"1":3,"2":1,"3":2,"4":2,"5":2,"6":0,"7":2,"8":2,"9":1,"10":1,"11":1,"12":1,"13":0,"14":2,"15":2,"16":1,"17":1,"18":1,"19":1,"20":0,"21":1,"22":1,"23":1,"24":0,"25":0,"26":0,"27":0,"28":2,"29":2,"30":1,"31":1,"32":1,"33":1,"34":0,"35":3,"36":3,"37":1,"38":2,"39":2,"40":1,"41":1},"f":{"0":3,"1":2,"2":2,"3":1,"4":2,"5":3},"b":{"0":[1,2],"1":[1,1],"2":[1,1],"3":[1,0],"4":[1,1],"5":[1,2]},"meta":{"lastBranch":6,"lastFunction":6,"lastStatement":42,"seen":{"f:4:22:4:39":0,"s:5:8:5:29":0,"b:6:2:6:Infinity:undefined:undefined:undefined:undefined":0,"s:6:2:6:Infinity":1,"s:6:15:6:Infinity":2,"s:8:2:12:Infinity":3,"s:9:16:9:59":4,"s:10:4:10:Infinity":5,"s:12:4:12:Infinity":6,"f:16:22:16:39":1,"s:17:8:17:29":7,"b:18:2:18:Infinity:undefined:undefined:undefined:undefined":1,"s:18:2:18:Infinity":8,"s:18:15:18:Infinity":9,"s:20:2:24:Infinity":10,"s:21:16:21:65":11,"s:22:4:22:Infinity":12,"s:24:4:24:Infinity":13,"f:28:22:28:44":2,"s:29:8:29:29":14,"b:30:2:30:Infinity:undefined:undefined:undefined:undefined":2,"s:30:2:30:Infinity":15,"s:30:15:30:Infinity":16,"s:32:2:36:Infinity":17,"s:33:16:33:66":18,"s:34:4:34:Infinity":19,"s:36:4:36:Infinity":20,"f:40:22:40:38":3,"s:41:8:41:29":21,"b:42:2:42:Infinity:undefined:undefined:undefined:undefined":3,"s:42:2:42:Infinity":22,"s:42:15:42:Infinity":23,"s:44:2:48:Infinity":24,"s:45:16:45:64":25,"s:46:4:46:Infinity":26,"s:48:4:48:Infinity":27,"f:52:22:52:40":4,"s:53:8:53:29":28,"b:54:2:54:Infinity:undefined:undefined:undefined:undefined":4,"s:54:2:54:Infinity":29,"s:54:15:54:Infinity":30,"s:56:2:63:Infinity":31,"s:57:16:60:6":32,"s:61:4:61:Infinity":33,"s:63:4:63:Infinity":34,"f:67:22:67:39":5,"s:68:8:68:29":35,"b:69:2:69:Infinity:undefined:undefined:undefined:undefined":5,"s:69:2:69:Infinity":36,"s:69:15:69:Infinity":37,"s:71:2:75:Infinity":38,"s:72:16:72:64":39,"s:73:4:73:Infinity":40,"s:75:4:75:Infinity":41}}}
,"/Users/mooling/Projects/gpca/gpca-mcp-server/src/tools/wallet.ts": {"path":"/Users/mooling/Projects/gpca/gpca-mcp-server/src/tools/wallet.ts","statementMap":{"0":{"start":{"line":5,"column":8},"end":{"line":5,"column":29}},"1":{"start":{"line":6,"column":2},"end":{"line":6,"column":null}},"2":{"start":{"line":6,"column":15},"end":{"line":6,"column":null}},"3":{"start":{"line":8,"column":2},"end":{"line":12,"column":null}},"4":{"start":{"line":9,"column":16},"end":{"line":9,"column":65}},"5":{"start":{"line":10,"column":4},"end":{"line":10,"column":null}},"6":{"start":{"line":12,"column":4},"end":{"line":12,"column":null}},"7":{"start":{"line":17,"column":8},"end":{"line":17,"column":29}},"8":{"start":{"line":18,"column":2},"end":{"line":18,"column":null}},"9":{"start":{"line":18,"column":15},"end":{"line":18,"column":null}},"10":{"start":{"line":20,"column":2},"end":{"line":24,"column":null}},"11":{"start":{"line":21,"column":16},"end":{"line":21,"column":64}},"12":{"start":{"line":22,"column":4},"end":{"line":22,"column":null}},"13":{"start":{"line":24,"column":4},"end":{"line":24,"column":null}},"14":{"start":{"line":29,"column":8},"end":{"line":29,"column":29}},"15":{"start":{"line":30,"column":2},"end":{"line":30,"column":null}},"16":{"start":{"line":30,"column":15},"end":{"line":30,"column":null}},"17":{"start":{"line":32,"column":2},"end":{"line":38,"column":null}},"18":{"start":{"line":33,"column":43},"end":{"line":33,"column":45}},"19":{"start":{"line":34,"column":4},"end":{"line":34,"column":null}},"20":{"start":{"line":34,"column":18},"end":{"line":34,"column":null}},"21":{"start":{"line":35,"column":16},"end":{"line":35,"column":74}},"22":{"start":{"line":36,"column":4},"end":{"line":36,"column":null}},"23":{"start":{"line":38,"column":4},"end":{"line":38,"column":null}},"24":{"start":{"line":43,"column":8},"end":{"line":43,"column":29}},"25":{"start":{"line":44,"column":2},"end":{"line":44,"column":null}},"26":{"start":{"line":44,"column":15},"end":{"line":44,"column":null}},"27":{"start":{"line":46,"column":2},"end":{"line":50,"column":null}},"28":{"start":{"line":47,"column":16},"end":{"line":47,"column":65}},"29":{"start":{"line":48,"column":4},"end":{"line":48,"column":null}},"30":{"start":{"line":50,"column":4},"end":{"line":50,"column":null}},"31":{"start":{"line":55,"column":8},"end":{"line":55,"column":29}},"32":{"start":{"line":56,"column":2},"end":{"line":56,"column":null}},"33":{"start":{"line":56,"column":15},"end":{"line":56,"column":null}},"34":{"start":{"line":58,"column":2},"end":{"line":59,"column":null}},"35":{"start":{"line":59,"column":4},"end":{"line":59,"column":null}},"36":{"start":{"line":62,"column":2},"end":{"line":66,"column":null}},"37":{"start":{"line":63,"column":16},"end":{"line":63,"column":76}},"38":{"start":{"line":64,"column":4},"end":{"line":64,"column":null}},"39":{"start":{"line":66,"column":4},"end":{"line":66,"column":null}},"40":{"start":{"line":74,"column":8},"end":{"line":74,"column":29}},"41":{"start":{"line":75,"column":2},"end":{"line":75,"column":null}},"42":{"start":{"line":75,"column":15},"end":{"line":75,"column":null}},"43":{"start":{"line":77,"column":2},"end":{"line":84,"column":null}},"44":{"start":{"line":78,"column":43},"end":{"line":78,"column":45}},"45":{"start":{"line":79,"column":4},"end":{"line":79,"column":null}},"46":{"start":{"line":79,"column":20},"end":{"line":79,"column":null}},"47":{"start":{"line":80,"column":4},"end":{"line":80,"column":null}},"48":{"start":{"line":80,"column":18},"end":{"line":80,"column":null}},"49":{"start":{"line":81,"column":16},"end":{"line":81,"column":78}},"50":{"start":{"line":82,"column":4},"end":{"line":82,"column":null}},"51":{"start":{"line":84,"column":4},"end":{"line":84,"column":null}}},"fnMap":{"0":{"name":"gpca_wallet_balance","decl":{"start":{"line":4,"column":22},"end":{"line":4,"column":44}},"loc":{"start":{"line":4,"column":44},"end":{"line":12,"column":null}},"line":4},"1":{"name":"gpca_supported_chains","decl":{"start":{"line":16,"column":22},"end":{"line":16,"column":46}},"loc":{"start":{"line":16,"column":46},"end":{"line":24,"column":null}},"line":16},"2":{"name":"gpca_deposit_address","decl":{"start":{"line":28,"column":22},"end":{"line":28,"column":43}},"loc":{"start":{"line":28,"column":62},"end":{"line":38,"column":null}},"line":28},"3":{"name":"gpca_bank_card_list","decl":{"start":{"line":42,"column":22},"end":{"line":42,"column":44}},"loc":{"start":{"line":42,"column":44},"end":{"line":50,"column":null}},"line":42},"4":{"name":"gpca_deposit_to_card","decl":{"start":{"line":54,"column":22},"end":{"line":54,"column":43}},"loc":{"start":{"line":54,"column":76},"end":{"line":66,"column":null}},"line":54},"5":{"name":"gpca_wallet_transactions","decl":{"start":{"line":70,"column":22},"end":{"line":70,"column":null}},"loc":{"start":{"line":73,"column":2},"end":{"line":84,"column":null}},"line":73}},"branchMap":{"0":{"loc":{"start":{"line":6,"column":2},"end":{"line":6,"column":null}},"type":"if","locations":[{"start":{"line":6,"column":2},"end":{"line":6,"column":null}},{"start":{},"end":{}}],"line":6},"1":{"loc":{"start":{"line":18,"column":2},"end":{"line":18,"column":null}},"type":"if","locations":[{"start":{"line":18,"column":2},"end":{"line":18,"column":null}},{"start":{},"end":{}}],"line":18},"2":{"loc":{"start":{"line":30,"column":2},"end":{"line":30,"column":null}},"type":"if","locations":[{"start":{"line":30,"column":2},"end":{"line":30,"column":null}},{"start":{},"end":{}}],"line":30},"3":{"loc":{"start":{"line":34,"column":4},"end":{"line":34,"column":null}},"type":"if","locations":[{"start":{"line":34,"column":4},"end":{"line":34,"column":null}},{"start":{},"end":{}}],"line":34},"4":{"loc":{"start":{"line":44,"column":2},"end":{"line":44,"column":null}},"type":"if","locations":[{"start":{"line":44,"column":2},"end":{"line":44,"column":null}},{"start":{},"end":{}}],"line":44},"5":{"loc":{"start":{"line":56,"column":2},"end":{"line":56,"column":null}},"type":"if","locations":[{"start":{"line":56,"column":2},"end":{"line":56,"column":null}},{"start":{},"end":{}}],"line":56},"6":{"loc":{"start":{"line":58,"column":2},"end":{"line":59,"column":null}},"type":"if","locations":[{"start":{"line":58,"column":2},"end":{"line":59,"column":null}},{"start":{},"end":{}}],"line":58},"7":{"loc":{"start":{"line":58,"column":6},"end":{"line":58,"column":47}},"type":"binary-expr","locations":[{"start":{"line":58,"column":6},"end":{"line":58,"column":30}},{"start":{"line":58,"column":34},"end":{"line":58,"column":47}}],"line":58},"8":{"loc":{"start":{"line":75,"column":2},"end":{"line":75,"column":null}},"type":"if","locations":[{"start":{"line":75,"column":2},"end":{"line":75,"column":null}},{"start":{},"end":{}}],"line":75},"9":{"loc":{"start":{"line":79,"column":4},"end":{"line":79,"column":null}},"type":"if","locations":[{"start":{"line":79,"column":4},"end":{"line":79,"column":null}},{"start":{},"end":{}}],"line":79},"10":{"loc":{"start":{"line":80,"column":4},"end":{"line":80,"column":null}},"type":"if","locations":[{"start":{"line":80,"column":4},"end":{"line":80,"column":null}},{"start":{},"end":{}}],"line":80}},"s":{"0":3,"1":3,"2":1,"3":2,"4":2,"5":2,"6":0,"7":1,"8":1,"9":1,"10":0,"11":0,"12":0,"13":0,"14":3,"15":3,"16":1,"17":2,"18":2,"19":2,"20":1,"21":2,"22":2,"23":0,"24":1,"25":1,"26":1,"27":0,"28":0,"29":0,"30":0,"31":7,"32":7,"33":1,"34":6,"35":4,"36":2,"37":2,"38":2,"39":0,"40":3,"41":3,"42":1,"43":2,"44":2,"45":2,"46":1,"47":2,"48":2,"49":2,"50":2,"51":0},"f":{"0":3,"1":1,"2":3,"3":1,"4":7,"5":3},"b":{"0":[1,2],"1":[1,0],"2":[1,2],"3":[1,1],"4":[1,0],"5":[1,6],"6":[4,2],"7":[6,4],"8":[1,2],"9":[1,1],"10":[1,1]},"meta":{"lastBranch":11,"lastFunction":6,"lastStatement":52,"seen":{"f:4:22:4:44":0,"s:5:8:5:29":0,"b:6:2:6:Infinity:undefined:undefined:undefined:undefined":0,"s:6:2:6:Infinity":1,"s:6:15:6:Infinity":2,"s:8:2:12:Infinity":3,"s:9:16:9:65":4,"s:10:4:10:Infinity":5,"s:12:4:12:Infinity":6,"f:16:22:16:46":1,"s:17:8:17:29":7,"b:18:2:18:Infinity:undefined:undefined:undefined:undefined":1,"s:18:2:18:Infinity":8,"s:18:15:18:Infinity":9,"s:20:2:24:Infinity":10,"s:21:16:21:64":11,"s:22:4:22:Infinity":12,"s:24:4:24:Infinity":13,"f:28:22:28:43":2,"s:29:8:29:29":14,"b:30:2:30:Infinity:undefined:undefined:undefined:undefined":2,"s:30:2:30:Infinity":15,"s:30:15:30:Infinity":16,"s:32:2:38:Infinity":17,"s:33:43:33:45":18,"b:34:4:34:Infinity:undefined:undefined:undefined:undefined":3,"s:34:4:34:Infinity":19,"s:34:18:34:Infinity":20,"s:35:16:35:74":21,"s:36:4:36:Infinity":22,"s:38:4:38:Infinity":23,"f:42:22:42:44":3,"s:43:8:43:29":24,"b:44:2:44:Infinity:undefined:undefined:undefined:undefined":4,"s:44:2:44:Infinity":25,"s:44:15:44:Infinity":26,"s:46:2:50:Infinity":27,"s:47:16:47:65":28,"s:48:4:48:Infinity":29,"s:50:4:50:Infinity":30,"f:54:22:54:43":4,"s:55:8:55:29":31,"b:56:2:56:Infinity:undefined:undefined:undefined:undefined":5,"s:56:2:56:Infinity":32,"s:56:15:56:Infinity":33,"b:58:2:59:Infinity:undefined:undefined:undefined:undefined":6,"s:58:2:59:Infinity":34,"b:58:6:58:30:58:34:58:47":7,"s:59:4:59:Infinity":35,"s:62:2:66:Infinity":36,"s:63:16:63:76":37,"s:64:4:64:Infinity":38,"s:66:4:66:Infinity":39,"f:70:22:70:Infinity":5,"s:74:8:74:29":40,"b:75:2:75:Infinity:undefined:undefined:undefined:undefined":8,"s:75:2:75:Infinity":41,"s:75:15:75:Infinity":42,"s:77:2:84:Infinity":43,"s:78:43:78:45":44,"b:79:4:79:Infinity:undefined:undefined:undefined:undefined":9,"s:79:4:79:Infinity":45,"s:79:20:79:Infinity":46,"b:80:4:80:Infinity:undefined:undefined:undefined:undefined":10,"s:80:4:80:Infinity":47,"s:80:18:80:Infinity":48,"s:81:16:81:78":49,"s:82:4:82:Infinity":50,"s:84:4:84:Infinity":51}}}
}
